2026-07-21T11:07:22.079+02:00  INFO 14960 --- [PlaneswalkerBazarBackend] [restartedMain] .m.b.PlaneswalkerBazarBackendApplication : Starting PlaneswalkerBazarBackendApplication using Java 25.0.2 with PID 14960 (C:\Users\Betacom\eclipse-workspace\PlaneswalkerBazarBackend\target\classes started by Betacom in C:\Users\Betacom\eclipse-workspace\PlaneswalkerBazarBackend)
2026-07-21T11:07:22.086+02:00 DEBUG 14960 --- [PlaneswalkerBazarBackend] [restartedMain] .m.b.PlaneswalkerBazarBackendApplication : Running with Spring Boot v4.1.0, Spring v7.0.8
2026-07-21T11:07:22.087+02:00  INFO 14960 --- [PlaneswalkerBazarBackend] [restartedMain] .m.b.PlaneswalkerBazarBackendApplication : The following 1 profile is active: "dev"
2026-07-21T11:07:22.125+02:00  INFO 14960 --- [PlaneswalkerBazarBackend] [restartedMain] .e.DevToolsPropertyDefaultsPostProcessor : Devtools property defaults active! Set 'spring.devtools.add-properties' to 'false' to disable
2026-07-21T11:07:22.125+02:00  INFO 14960 --- [PlaneswalkerBazarBackend] [restartedMain] .e.DevToolsPropertyDefaultsPostProcessor : For additional web related logging consider setting the 'logging.level.web' property to 'DEBUG'
2026-07-21T11:07:23.573+02:00  INFO 14960 --- [PlaneswalkerBazarBackend] [restartedMain] .s.d.r.c.RepositoryConfigurationDelegate : Bootstrapping Spring Data JPA repositories in DEFAULT mode.
2026-07-21T11:07:23.734+02:00  INFO 14960 --- [PlaneswalkerBazarBackend] [restartedMain] .s.d.r.c.RepositoryConfigurationDelegate : Finished Spring Data repository scanning in 155 ms. Found 19 JPA repository interfaces.
2026-07-21T11:07:24.257+02:00  INFO 14960 --- [PlaneswalkerBazarBackend] [restartedMain] o.s.boot.tomcat.TomcatWebServer          : Tomcat initialized with port 9090 (http)
2026-07-21T11:07:24.273+02:00  INFO 14960 --- [PlaneswalkerBazarBackend] [restartedMain] o.apache.catalina.core.StandardService   : Starting service [Tomcat]
2026-07-21T11:07:24.274+02:00  INFO 14960 --- [PlaneswalkerBazarBackend] [restartedMain] o.apache.catalina.core.StandardEngine    : Starting Servlet engine: [Apache Tomcat/11.0.22]
2026-07-21T11:07:24.309+02:00  INFO 14960 --- [PlaneswalkerBazarBackend] [restartedMain] b.w.c.s.WebApplicationContextInitializer : Root WebApplicationContext: initialization completed in 2183 ms
2026-07-21T11:07:24.579+02:00  INFO 14960 --- [PlaneswalkerBazarBackend] [restartedMain] com.zaxxer.hikari.HikariDataSource       : HikariPool-1 - Starting...
2026-07-21T11:07:24.882+02:00  INFO 14960 --- [PlaneswalkerBazarBackend] [restartedMain] com.zaxxer.hikari.pool.HikariPool        : HikariPool-1 - Added connection org.postgresql.jdbc.PgConnection@3c9fb669
2026-07-21T11:07:24.884+02:00  INFO 14960 --- [PlaneswalkerBazarBackend] [restartedMain] com.zaxxer.hikari.HikariDataSource       : HikariPool-1 - Start completed.
2026-07-21T11:07:24.899+02:00  INFO 14960 --- [PlaneswalkerBazarBackend] [restartedMain] org.flywaydb.core.FlywayExecutor         : Database: jdbc:postgresql://localhost:5432/db_jpa_bazar (PostgreSQL 18.4)
2026-07-21T11:07:25.077+02:00  INFO 14960 --- [PlaneswalkerBazarBackend] [restartedMain] o.f.core.internal.command.DbValidate     : Successfully validated 11 migrations (execution time 00:00.096s)
2026-07-21T11:07:25.226+02:00  INFO 14960 --- [PlaneswalkerBazarBackend] [restartedMain] o.f.core.internal.command.DbMigrate      : Current version of schema "public": 11
2026-07-21T11:07:25.230+02:00  INFO 14960 --- [PlaneswalkerBazarBackend] [restartedMain] o.f.core.internal.command.DbMigrate      : Schema "public" is up to date. No migration necessary.
2026-07-21T11:07:25.324+02:00  INFO 14960 --- [PlaneswalkerBazarBackend] [restartedMain] org.hibernate.orm.jpa                    : HHH008540: Processing PersistenceUnitInfo [name: default]
2026-07-21T11:07:25.358+02:00  INFO 14960 --- [PlaneswalkerBazarBackend] [restartedMain] org.hibernate.orm.core                   : HHH000001: Hibernate ORM core version 7.4.1.Final
2026-07-21T11:07:25.646+02:00  INFO 14960 --- [PlaneswalkerBazarBackend] [restartedMain] o.s.o.j.p.SpringPersistenceUnitInfo      : No LoadTimeWeaver setup: ignoring JPA class transformer
2026-07-21T11:07:25.715+02:00  INFO 14960 --- [PlaneswalkerBazarBackend] [restartedMain] org.hibernate.orm.connections.pooling    : HHH10001005: Database info:
	Database JDBC URL [jdbc:postgresql://localhost:5432/db_jpa_bazar]
	Database driver: PostgreSQL JDBC Driver
	Database dialect: PostgreSQLDialect
	Database version: 18.4
	Default catalog/schema: db_jpa_bazar/public
	Autocommit mode: undefined/unknown
	Isolation level: READ_COMMITTED [default READ_COMMITTED]
	JDBC fetch size: none
	Pool: DataSourceConnectionProvider
	Minimum pool size: undefined/unknown
	Maximum pool size: undefined/unknown
2026-07-21T11:07:26.044+02:00  WARN 14960 --- [PlaneswalkerBazarBackend] [restartedMain] org.hibernate.orm.core                   : HHH000038: Composite id class does not override equals(): com.betacom.mtgbazar.be.model.MessageID
2026-07-21T11:07:26.602+02:00  INFO 14960 --- [PlaneswalkerBazarBackend] [restartedMain] org.hibernate.orm.core                   : HHH000489: No JTA platform available (set 'hibernate.transaction.jta.platform' to enable JTA platform integration)
2026-07-21T11:07:26.723+02:00  INFO 14960 --- [PlaneswalkerBazarBackend] [restartedMain] j.LocalContainerEntityManagerFactoryBean : Initialized JPA EntityManagerFactory for persistence unit 'default'
2026-07-21T11:07:26.799+02:00  INFO 14960 --- [PlaneswalkerBazarBackend] [restartedMain] o.s.d.j.r.query.QueryEnhancerFactories   : Hibernate is in classpath; If applicable, HQL parser will be used.
2026-07-21T11:07:27.926+02:00  INFO 14960 --- [PlaneswalkerBazarBackend] [restartedMain] r$InitializeUserDetailsManagerConfigurer : Global AuthenticationManager configured with UserDetailsService bean with name customUserDetailsService
2026-07-21T11:07:28.083+02:00  WARN 14960 --- [PlaneswalkerBazarBackend] [restartedMain] JpaBaseConfiguration$JpaWebConfiguration : spring.jpa.open-in-view is enabled by default. Therefore, database queries may be performed during view rendering. Explicitly configure spring.jpa.open-in-view to disable this warning
2026-07-21T11:07:28.217+02:00  WARN 14960 --- [PlaneswalkerBazarBackend] [restartedMain] c.b.m.b.c.SecurityConfig$SicurezzaDev    : :::: PROFILO dev — identita' dai token ATTIVA, autorizzazione DISATTIVATA ::::
2026-07-21T11:07:28.702+02:00  INFO 14960 --- [PlaneswalkerBazarBackend] [restartedMain] o.s.b.h.a.H2ConsoleAutoConfiguration     : H2 console available at '/h2-console'. Database available at 'jdbc:postgresql://localhost:5432/db_jpa_bazar'
2026-07-21T11:07:28.745+02:00  INFO 14960 --- [PlaneswalkerBazarBackend] [restartedMain] o.s.b.a.e.web.EndpointLinksResolver      : Exposing 1 endpoint beneath base path '/actuator'
2026-07-21T11:07:28.815+02:00  INFO 14960 --- [PlaneswalkerBazarBackend] [restartedMain] o.s.boot.tomcat.TomcatWebServer          : Tomcat started on port 9090 (http) with context path '/'
2026-07-21T11:07:28.825+02:00  INFO 14960 --- [PlaneswalkerBazarBackend] [restartedMain] .m.b.PlaneswalkerBazarBackendApplication : Started PlaneswalkerBazarBackendApplication in 7.062 seconds (process running for 7.945)
2026-07-21T11:07:28.831+02:00  WARN 14960 --- [PlaneswalkerBazarBackend] [restartedMain] o.s.core.events.SpringDocAppInitializer  : SpringDoc /v3/api-docs endpoint is enabled by default. To disable it in production, set the property 'springdoc.api-docs.enabled=false'
2026-07-21T11:07:28.831+02:00  WARN 14960 --- [PlaneswalkerBazarBackend] [restartedMain] o.s.core.events.SpringDocAppInitializer  : SpringDoc /swagger-ui.html endpoint is enabled by default. To disable it in production, set the property 'springdoc.swagger-ui.enabled=false'
2026-07-21T11:07:29.103+02:00  INFO 14960 --- [PlaneswalkerBazarBackend] [RMI TCP Connection(4)-127.0.0.1] o.a.c.c.C.[Tomcat].[localhost].[/]       : Initializing Spring DispatcherServlet 'dispatcherServlet'
2026-07-21T11:07:29.103+02:00  INFO 14960 --- [PlaneswalkerBazarBackend] [RMI TCP Connection(4)-127.0.0.1] o.s.web.servlet.DispatcherServlet        : Initializing Servlet 'dispatcherServlet'
2026-07-21T11:07:29.105+02:00  INFO 14960 --- [PlaneswalkerBazarBackend] [RMI TCP Connection(4)-127.0.0.1] o.s.web.servlet.DispatcherServlet        : Completed initialization in 2 ms
2026-07-21T11:08:02.133+02:00  INFO 14960 --- [PlaneswalkerBazarBackend] [RMI TCP Connection(6)-127.0.0.1] inMXBeanRegistrar$SpringApplicationAdmin : Application shutdown requested.
2026-07-21T11:08:02.137+02:00  INFO 14960 --- [PlaneswalkerBazarBackend] [RMI TCP Connection(6)-127.0.0.1] o.s.boot.tomcat.GracefulShutdown         : Commencing graceful shutdown. Waiting for active requests to complete
2026-07-21T11:08:02.142+02:00  INFO 14960 --- [PlaneswalkerBazarBackend] [tomcat-shutdown] o.s.boot.tomcat.GracefulShutdown         : Graceful shutdown complete
2026-07-21T11:08:02.152+02:00  INFO 14960 --- [PlaneswalkerBazarBackend] [RMI TCP Connection(6)-127.0.0.1] j.LocalContainerEntityManagerFactoryBean : Closing JPA EntityManagerFactory for persistence unit 'default'
2026-07-21T11:08:02.154+02:00  INFO 14960 --- [PlaneswalkerBazarBackend] [RMI TCP Connection(6)-127.0.0.1] com.zaxxer.hikari.HikariDataSource       : HikariPool-1 - Shutdown initiated...
2026-07-21T11:08:02.158+02:00  INFO 14960 --- [PlaneswalkerBazarBackend] [RMI TCP Connection(6)-127.0.0.1] com.zaxxer.hikari.HikariDataSource       : HikariPool-1 - Shutdown completed.
2026-07-21T11:09:12.151+02:00  INFO 8988 --- [PlaneswalkerBazarBackend] [restartedMain] .m.b.PlaneswalkerBazarBackendApplication : Starting PlaneswalkerBazarBackendApplication using Java 25.0.2 with PID 8988 (C:\Users\Betacom\eclipse-workspace\PlaneswalkerBazarBackend\target\classes started by Betacom in C:\Users\Betacom\eclipse-workspace\PlaneswalkerBazarBackend)
2026-07-21T11:09:12.153+02:00 DEBUG 8988 --- [PlaneswalkerBazarBackend] [restartedMain] .m.b.PlaneswalkerBazarBackendApplication : Running with Spring Boot v4.1.0, Spring v7.0.8
2026-07-21T11:09:12.154+02:00  INFO 8988 --- [PlaneswalkerBazarBackend] [restartedMain] .m.b.PlaneswalkerBazarBackendApplication : The following 1 profile is active: "prod"
2026-07-21T11:09:12.186+02:00  INFO 8988 --- [PlaneswalkerBazarBackend] [restartedMain] .e.DevToolsPropertyDefaultsPostProcessor : Devtools property defaults active! Set 'spring.devtools.add-properties' to 'false' to disable
2026-07-21T11:09:12.187+02:00  INFO 8988 --- [PlaneswalkerBazarBackend] [restartedMain] .e.DevToolsPropertyDefaultsPostProcessor : For additional web related logging consider setting the 'logging.level.web' property to 'DEBUG'
2026-07-21T11:09:13.265+02:00  INFO 8988 --- [PlaneswalkerBazarBackend] [restartedMain] .s.d.r.c.RepositoryConfigurationDelegate : Bootstrapping Spring Data JPA repositories in DEFAULT mode.
2026-07-21T11:09:13.446+02:00  INFO 8988 --- [PlaneswalkerBazarBackend] [restartedMain] .s.d.r.c.RepositoryConfigurationDelegate : Finished Spring Data repository scanning in 175 ms. Found 19 JPA repository interfaces.
2026-07-21T11:09:14.017+02:00  INFO 8988 --- [PlaneswalkerBazarBackend] [restartedMain] o.s.boot.tomcat.TomcatWebServer          : Tomcat initialized with port 9090 (http)
2026-07-21T11:09:14.028+02:00  INFO 8988 --- [PlaneswalkerBazarBackend] [restartedMain] o.apache.catalina.core.StandardService   : Starting service [Tomcat]
2026-07-21T11:09:14.028+02:00  INFO 8988 --- [PlaneswalkerBazarBackend] [restartedMain] o.apache.catalina.core.StandardEngine    : Starting Servlet engine: [Apache Tomcat/11.0.22]
2026-07-21T11:09:14.063+02:00  INFO 8988 --- [PlaneswalkerBazarBackend] [restartedMain] b.w.c.s.WebApplicationContextInitializer : Root WebApplicationContext: initialization completed in 1876 ms
2026-07-21T11:09:14.180+02:00  WARN 8988 --- [PlaneswalkerBazarBackend] [restartedMain] ConfigServletWebServerApplicationContext : Exception encountered during context initialization - cancelling refresh attempt: org.springframework.beans.factory.BeanCreationException: Error creating bean with name 'entityManagerFactory' defined in class path resource [org/springframework/boot/hibernate/autoconfigure/HibernateJpaConfiguration.class]: Failed to initialize dependency 'inMemoryDatabaseShutdownExecutor' of LoadTimeWeaverAware bean 'entityManagerFactory': Error creating bean with name 'inMemoryDatabaseShutdownExecutor' defined in class path resource [org/springframework/boot/devtools/autoconfigure/DevToolsDataSourceAutoConfiguration.class]: Unsatisfied dependency expressed through method 'inMemoryDatabaseShutdownExecutor' parameter 0: Error creating bean with name 'dataSource' defined in class path resource [org/springframework/boot/jdbc/autoconfigure/DataSourceConfiguration$Hikari.class]: Failed to instantiate [com.zaxxer.hikari.HikariDataSource]: Factory method 'dataSource' threw exception with message: 'url' must start with "jdbc"
2026-07-21T11:09:14.182+02:00  INFO 8988 --- [PlaneswalkerBazarBackend] [restartedMain] o.apache.catalina.core.StandardService   : Stopping service [Tomcat]
2026-07-21T11:09:14.197+02:00  INFO 8988 --- [PlaneswalkerBazarBackend] [restartedMain] .s.b.a.l.ConditionEvaluationReportLogger : 

Error starting ApplicationContext. To display the condition evaluation report re-run your application with 'debug' enabled.
2026-07-21T11:09:14.207+02:00 ERROR 8988 --- [PlaneswalkerBazarBackend] [restartedMain] o.s.boot.SpringApplication               : Application run failed

org.springframework.beans.factory.BeanCreationException: Error creating bean with name 'entityManagerFactory' defined in class path resource [org/springframework/boot/hibernate/autoconfigure/HibernateJpaConfiguration.class]: Failed to initialize dependency 'inMemoryDatabaseShutdownExecutor' of LoadTimeWeaverAware bean 'entityManagerFactory': Error creating bean with name 'inMemoryDatabaseShutdownExecutor' defined in class path resource [org/springframework/boot/devtools/autoconfigure/DevToolsDataSourceAutoConfiguration.class]: Unsatisfied dependency expressed through method 'inMemoryDatabaseShutdownExecutor' parameter 0: Error creating bean with name 'dataSource' defined in class path resource [org/springframework/boot/jdbc/autoconfigure/DataSourceConfiguration$Hikari.class]: Failed to instantiate [com.zaxxer.hikari.HikariDataSource]: Factory method 'dataSource' threw exception with message: 'url' must start with "jdbc"
	at org.springframework.beans.factory.support.AbstractBeanFactory.doGetBean(AbstractBeanFactory.java:322) ~[spring-beans-7.0.8.jar:7.0.8]
	at org.springframework.beans.factory.support.AbstractBeanFactory.getBean(AbstractBeanFactory.java:201) ~[spring-beans-7.0.8.jar:7.0.8]
	at org.springframework.context.support.AbstractApplicationContext.finishBeanFactoryInitialization(AbstractApplicationContext.java:977) ~[spring-context-7.0.8.jar:7.0.8]
	at org.springframework.context.support.AbstractApplicationContext.refresh(AbstractApplicationContext.java:621) ~[spring-context-7.0.8.jar:7.0.8]
	at org.springframework.boot.web.server.servlet.context.ServletWebServerApplicationContext.refresh(ServletWebServerApplicationContext.java:143) ~[spring-boot-web-server-4.1.0.jar:4.1.0]
	at org.springframework.boot.SpringApplication.refresh(SpringApplication.java:756) ~[spring-boot-4.1.0.jar:4.1.0]
	at org.springframework.boot.SpringApplication.refreshContext(SpringApplication.java:445) ~[spring-boot-4.1.0.jar:4.1.0]
	at org.springframework.boot.SpringApplication.run(SpringApplication.java:321) ~[spring-boot-4.1.0.jar:4.1.0]
	at org.springframework.boot.SpringApplication.run(SpringApplication.java:1365) ~[spring-boot-4.1.0.jar:4.1.0]
	at org.springframework.boot.SpringApplication.run(SpringApplication.java:1354) ~[spring-boot-4.1.0.jar:4.1.0]
	at com.betacom.mtgbazar.be.PlaneswalkerBazarBackendApplication.main(PlaneswalkerBazarBackendApplication.java:10) ~[classes/:na]
	at java.base/jdk.internal.reflect.DirectMethodHandleAccessor.invoke(DirectMethodHandleAccessor.java:104) ~[na:na]
	at java.base/java.lang.reflect.Method.invoke(Method.java:565) ~[na:na]
	at org.springframework.boot.devtools.restart.RestartLauncher.run(RestartLauncher.java:52) ~[spring-boot-devtools-4.1.0.jar:4.1.0]
Caused by: org.springframework.beans.factory.UnsatisfiedDependencyException: Error creating bean with name 'inMemoryDatabaseShutdownExecutor' defined in class path resource [org/springframework/boot/devtools/autoconfigure/DevToolsDataSourceAutoConfiguration.class]: Unsatisfied dependency expressed through method 'inMemoryDatabaseShutdownExecutor' parameter 0: Error creating bean with name 'dataSource' defined in class path resource [org/springframework/boot/jdbc/autoconfigure/DataSourceConfiguration$Hikari.class]: Failed to instantiate [com.zaxxer.hikari.HikariDataSource]: Factory method 'dataSource' threw exception with message: 'url' must start with "jdbc"
	at org.springframework.beans.factory.support.ConstructorResolver.createArgumentArray(ConstructorResolver.java:804) ~[spring-beans-7.0.8.jar:7.0.8]
	at org.springframework.beans.factory.support.ConstructorResolver.instantiateUsingFactoryMethod(ConstructorResolver.java:546) ~[spring-beans-7.0.8.jar:7.0.8]
	at org.springframework.beans.factory.support.AbstractAutowireCapableBeanFactory.instantiateUsingFactoryMethod(AbstractAutowireCapableBeanFactory.java:1360) ~[spring-beans-7.0.8.jar:7.0.8]
	at org.springframework.beans.factory.support.AbstractAutowireCapableBeanFactory.createBeanInstance(AbstractAutowireCapableBeanFactory.java:1192) ~[spring-beans-7.0.8.jar:7.0.8]
	at org.springframework.beans.factory.support.AbstractAutowireCapableBeanFactory.doCreateBean(AbstractAutowireCapableBeanFactory.java:565) ~[spring-beans-7.0.8.jar:7.0.8]
	at org.springframework.beans.factory.support.AbstractAutowireCapableBeanFactory.createBean(AbstractAutowireCapableBeanFactory.java:525) ~[spring-beans-7.0.8.jar:7.0.8]
	at org.springframework.beans.factory.support.AbstractBeanFactory.lambda$doGetBean$0(AbstractBeanFactory.java:333) ~[spring-beans-7.0.8.jar:7.0.8]
	at org.springframework.beans.factory.support.DefaultSingletonBeanRegistry.getSingleton(DefaultSingletonBeanRegistry.java:371) ~[spring-beans-7.0.8.jar:7.0.8]
	at org.springframework.beans.factory.support.AbstractBeanFactory.doGetBean(AbstractBeanFactory.java:331) ~[spring-beans-7.0.8.jar:7.0.8]
	at org.springframework.beans.factory.support.AbstractBeanFactory.getBean(AbstractBeanFactory.java:196) ~[spring-beans-7.0.8.jar:7.0.8]
	at org.springframework.beans.factory.support.AbstractBeanFactory.doGetBean(AbstractBeanFactory.java:309) ~[spring-beans-7.0.8.jar:7.0.8]
	... 13 common frames omitted
Caused by: org.springframework.beans.factory.BeanCreationException: Error creating bean with name 'dataSource' defined in class path resource [org/springframework/boot/jdbc/autoconfigure/DataSourceConfiguration$Hikari.class]: Failed to instantiate [com.zaxxer.hikari.HikariDataSource]: Factory method 'dataSource' threw exception with message: 'url' must start with "jdbc"
	at org.springframework.beans.factory.support.ConstructorResolver.instantiate(ConstructorResolver.java:657) ~[spring-beans-7.0.8.jar:7.0.8]
	at org.springframework.beans.factory.support.ConstructorResolver.instantiateUsingFactoryMethod(ConstructorResolver.java:645) ~[spring-beans-7.0.8.jar:7.0.8]
	at org.springframework.beans.factory.support.AbstractAutowireCapableBeanFactory.instantiateUsingFactoryMethod(AbstractAutowireCapableBeanFactory.java:1360) ~[spring-beans-7.0.8.jar:7.0.8]
	at org.springframework.beans.factory.support.AbstractAutowireCapableBeanFactory.createBeanInstance(AbstractAutowireCapableBeanFactory.java:1192) ~[spring-beans-7.0.8.jar:7.0.8]
	at org.springframework.beans.factory.support.AbstractAutowireCapableBeanFactory.doCreateBean(AbstractAutowireCapableBeanFactory.java:565) ~[spring-beans-7.0.8.jar:7.0.8]
	at org.springframework.beans.factory.support.AbstractAutowireCapableBeanFactory.createBean(AbstractAutowireCapableBeanFactory.java:525) ~[spring-beans-7.0.8.jar:7.0.8]
	at org.springframework.beans.factory.support.AbstractBeanFactory.lambda$doGetBean$0(AbstractBeanFactory.java:333) ~[spring-beans-7.0.8.jar:7.0.8]
	at org.springframework.beans.factory.support.DefaultSingletonBeanRegistry.getSingleton(DefaultSingletonBeanRegistry.java:371) ~[spring-beans-7.0.8.jar:7.0.8]
	at org.springframework.beans.factory.support.AbstractBeanFactory.doGetBean(AbstractBeanFactory.java:331) ~[spring-beans-7.0.8.jar:7.0.8]
	at org.springframework.beans.factory.support.AbstractBeanFactory.getBean(AbstractBeanFactory.java:201) ~[spring-beans-7.0.8.jar:7.0.8]
	at org.springframework.beans.factory.support.DefaultListableBeanFactory.resolveBean(DefaultListableBeanFactory.java:1232) ~[spring-beans-7.0.8.jar:7.0.8]
	at org.springframework.beans.factory.support.DefaultListableBeanFactory.doResolveDependency(DefaultListableBeanFactory.java:1711) ~[spring-beans-7.0.8.jar:7.0.8]
	at org.springframework.beans.factory.support.DefaultListableBeanFactory.resolveDependency(DefaultListableBeanFactory.java:1658) ~[spring-beans-7.0.8.jar:7.0.8]
	at org.springframework.beans.factory.support.ConstructorResolver.resolveAutowiredArgument(ConstructorResolver.java:912) ~[spring-beans-7.0.8.jar:7.0.8]
	at org.springframework.beans.factory.support.ConstructorResolver.createArgumentArray(ConstructorResolver.java:791) ~[spring-beans-7.0.8.jar:7.0.8]
	... 23 common frames omitted
Caused by: org.springframework.beans.BeanInstantiationException: Failed to instantiate [com.zaxxer.hikari.HikariDataSource]: Factory method 'dataSource' threw exception with message: 'url' must start with "jdbc"
	at org.springframework.beans.factory.support.SimpleInstantiationStrategy.lambda$instantiate$0(SimpleInstantiationStrategy.java:183) ~[spring-beans-7.0.8.jar:7.0.8]
	at org.springframework.beans.factory.support.SimpleInstantiationStrategy.instantiateWithFactoryMethod(SimpleInstantiationStrategy.java:72) ~[spring-beans-7.0.8.jar:7.0.8]
	at org.springframework.beans.factory.support.SimpleInstantiationStrategy.instantiate(SimpleInstantiationStrategy.java:152) ~[spring-beans-7.0.8.jar:7.0.8]
	at org.springframework.beans.factory.support.ConstructorResolver.instantiate(ConstructorResolver.java:653) ~[spring-beans-7.0.8.jar:7.0.8]
	... 37 common frames omitted
Caused by: java.lang.IllegalArgumentException: 'url' must start with "jdbc"
	at org.springframework.util.Assert.isTrue(Assert.java:117) ~[spring-core-7.0.8.jar:7.0.8]
	at org.springframework.boot.jdbc.DatabaseDriver.fromJdbcUrl(DatabaseDriver.java:316) ~[spring-boot-jdbc-4.1.0.jar:4.1.0]
	at org.springframework.boot.jdbc.autoconfigure.DataSourceProperties.findDriverClassName(DataSourceProperties.java:193) ~[spring-boot-jdbc-4.1.0.jar:4.1.0]
	at org.springframework.boot.jdbc.autoconfigure.DataSourceProperties.determineDriverClassName(DataSourceProperties.java:177) ~[spring-boot-jdbc-4.1.0.jar:4.1.0]
	at org.springframework.boot.jdbc.autoconfigure.PropertiesJdbcConnectionDetails.getDriverClassName(PropertiesJdbcConnectionDetails.java:51) ~[spring-boot-jdbc-4.1.0.jar:4.1.0]
	at org.springframework.boot.jdbc.autoconfigure.DataSourceConfiguration.createDataSource(DataSourceConfiguration.java:63) ~[spring-boot-jdbc-4.1.0.jar:4.1.0]
	at org.springframework.boot.jdbc.autoconfigure.DataSourceConfiguration$Hikari.dataSource(DataSourceConfiguration.java:128) ~[spring-boot-jdbc-4.1.0.jar:4.1.0]
	at java.base/jdk.internal.reflect.DirectMethodHandleAccessor.invoke(DirectMethodHandleAccessor.java:104) ~[na:na]
	at java.base/java.lang.reflect.Method.invoke(Method.java:565) ~[na:na]
	at org.springframework.beans.factory.support.SimpleInstantiationStrategy.lambda$instantiate$0(SimpleInstantiationStrategy.java:155) ~[spring-beans-7.0.8.jar:7.0.8]
	... 40 common frames omitted

2026-07-21T11:13:04.651+02:00  INFO 18252 --- [PlaneswalkerBazarBackend] [restartedMain] .m.b.PlaneswalkerBazarBackendApplication : Starting PlaneswalkerBazarBackendApplication using Java 25.0.2 with PID 18252 (C:\Users\Betacom\eclipse-workspace\PlaneswalkerBazarBackend\target\classes started by Betacom in C:\Users\Betacom\eclipse-workspace\PlaneswalkerBazarBackend)
2026-07-21T11:13:04.653+02:00 DEBUG 18252 --- [PlaneswalkerBazarBackend] [restartedMain] .m.b.PlaneswalkerBazarBackendApplication : Running with Spring Boot v4.1.0, Spring v7.0.8
2026-07-21T11:13:04.653+02:00  INFO 18252 --- [PlaneswalkerBazarBackend] [restartedMain] .m.b.PlaneswalkerBazarBackendApplication : The following 1 profile is active: "prod"
2026-07-21T11:13:04.687+02:00  INFO 18252 --- [PlaneswalkerBazarBackend] [restartedMain] .e.DevToolsPropertyDefaultsPostProcessor : Devtools property defaults active! Set 'spring.devtools.add-properties' to 'false' to disable
2026-07-21T11:13:04.688+02:00  INFO 18252 --- [PlaneswalkerBazarBackend] [restartedMain] .e.DevToolsPropertyDefaultsPostProcessor : For additional web related logging consider setting the 'logging.level.web' property to 'DEBUG'
2026-07-21T11:13:05.841+02:00  INFO 18252 --- [PlaneswalkerBazarBackend] [restartedMain] .s.d.r.c.RepositoryConfigurationDelegate : Bootstrapping Spring Data JPA repositories in DEFAULT mode.
2026-07-21T11:13:05.999+02:00  INFO 18252 --- [PlaneswalkerBazarBackend] [restartedMain] .s.d.r.c.RepositoryConfigurationDelegate : Finished Spring Data repository scanning in 151 ms. Found 19 JPA repository interfaces.
2026-07-21T11:13:06.495+02:00  INFO 18252 --- [PlaneswalkerBazarBackend] [restartedMain] o.s.boot.tomcat.TomcatWebServer          : Tomcat initialized with port 9090 (http)
2026-07-21T11:13:06.506+02:00  INFO 18252 --- [PlaneswalkerBazarBackend] [restartedMain] o.apache.catalina.core.StandardService   : Starting service [Tomcat]
2026-07-21T11:13:06.506+02:00  INFO 18252 --- [PlaneswalkerBazarBackend] [restartedMain] o.apache.catalina.core.StandardEngine    : Starting Servlet engine: [Apache Tomcat/11.0.22]
2026-07-21T11:13:06.539+02:00  INFO 18252 --- [PlaneswalkerBazarBackend] [restartedMain] b.w.c.s.WebApplicationContextInitializer : Root WebApplicationContext: initialization completed in 1851 ms
2026-07-21T11:13:06.784+02:00  INFO 18252 --- [PlaneswalkerBazarBackend] [restartedMain] com.zaxxer.hikari.HikariDataSource       : HikariPool-1 - Starting...
2026-07-21T11:13:07.046+02:00  INFO 18252 --- [PlaneswalkerBazarBackend] [restartedMain] com.zaxxer.hikari.pool.HikariPool        : HikariPool-1 - Added connection org.postgresql.jdbc.PgConnection@bb9d3e7
2026-07-21T11:13:07.048+02:00  INFO 18252 --- [PlaneswalkerBazarBackend] [restartedMain] com.zaxxer.hikari.HikariDataSource       : HikariPool-1 - Start completed.
2026-07-21T11:13:07.063+02:00  INFO 18252 --- [PlaneswalkerBazarBackend] [restartedMain] org.flywaydb.core.FlywayExecutor         : Database: jdbc:postgresql://localhost:5432/db_jpa_bazar (PostgreSQL 18.4)
2026-07-21T11:13:07.304+02:00  INFO 18252 --- [PlaneswalkerBazarBackend] [restartedMain] o.f.core.internal.command.DbValidate     : Successfully validated 11 migrations (execution time 00:00.193s)
2026-07-21T11:13:07.451+02:00  INFO 18252 --- [PlaneswalkerBazarBackend] [restartedMain] o.f.core.internal.command.DbMigrate      : Current version of schema "public": 11
2026-07-21T11:13:07.454+02:00  INFO 18252 --- [PlaneswalkerBazarBackend] [restartedMain] o.f.core.internal.command.DbMigrate      : Schema "public" is up to date. No migration necessary.
2026-07-21T11:13:07.534+02:00  INFO 18252 --- [PlaneswalkerBazarBackend] [restartedMain] org.hibernate.orm.jpa                    : HHH008540: Processing PersistenceUnitInfo [name: default]
2026-07-21T11:13:07.571+02:00  INFO 18252 --- [PlaneswalkerBazarBackend] [restartedMain] org.hibernate.orm.core                   : HHH000001: Hibernate ORM core version 7.4.1.Final
2026-07-21T11:13:07.835+02:00  INFO 18252 --- [PlaneswalkerBazarBackend] [restartedMain] o.s.o.j.p.SpringPersistenceUnitInfo      : No LoadTimeWeaver setup: ignoring JPA class transformer
2026-07-21T11:13:07.913+02:00  INFO 18252 --- [PlaneswalkerBazarBackend] [restartedMain] org.hibernate.orm.connections.pooling    : HHH10001005: Database info:
	Database JDBC URL [jdbc:postgresql://localhost:5432/db_jpa_bazar]
	Database driver: PostgreSQL JDBC Driver
	Database dialect: PostgreSQLDialect
	Database version: 18.4
	Default catalog/schema: db_jpa_bazar/public
	Autocommit mode: undefined/unknown
	Isolation level: READ_COMMITTED [default READ_COMMITTED]
	JDBC fetch size: none
	Pool: DataSourceConnectionProvider
	Minimum pool size: undefined/unknown
	Maximum pool size: undefined/unknown
2026-07-21T11:13:08.247+02:00  WARN 18252 --- [PlaneswalkerBazarBackend] [restartedMain] org.hibernate.orm.core                   : HHH000038: Composite id class does not override equals(): com.betacom.mtgbazar.be.model.MessageID
2026-07-21T11:13:08.790+02:00  INFO 18252 --- [PlaneswalkerBazarBackend] [restartedMain] org.hibernate.orm.core                   : HHH000489: No JTA platform available (set 'hibernate.transaction.jta.platform' to enable JTA platform integration)
2026-07-21T11:13:08.875+02:00  INFO 18252 --- [PlaneswalkerBazarBackend] [restartedMain] j.LocalContainerEntityManagerFactoryBean : Initialized JPA EntityManagerFactory for persistence unit 'default'
2026-07-21T11:13:08.954+02:00  INFO 18252 --- [PlaneswalkerBazarBackend] [restartedMain] o.s.d.j.r.query.QueryEnhancerFactories   : Hibernate is in classpath; If applicable, HQL parser will be used.
2026-07-21T11:13:10.030+02:00  INFO 18252 --- [PlaneswalkerBazarBackend] [restartedMain] r$InitializeUserDetailsManagerConfigurer : Global AuthenticationManager configured with UserDetailsService bean with name customUserDetailsService
2026-07-21T11:13:10.176+02:00  WARN 18252 --- [PlaneswalkerBazarBackend] [restartedMain] JpaBaseConfiguration$JpaWebConfiguration : spring.jpa.open-in-view is enabled by default. Therefore, database queries may be performed during view rendering. Explicitly configure spring.jpa.open-in-view to disable this warning
2026-07-21T11:13:10.285+02:00  INFO 18252 --- [PlaneswalkerBazarBackend] [restartedMain] c.b.m.b.c.SecurityConfig$SicurezzaProd   : :::: PROFILO prod — Spring Security ATTIVA ::::
2026-07-21T11:13:10.704+02:00  INFO 18252 --- [PlaneswalkerBazarBackend] [restartedMain] o.s.b.h.a.H2ConsoleAutoConfiguration     : H2 console available at '/h2-console'. Database available at 'jdbc:postgresql://localhost:5432/db_jpa_bazar'
2026-07-21T11:13:10.749+02:00  INFO 18252 --- [PlaneswalkerBazarBackend] [restartedMain] o.s.b.a.e.web.EndpointLinksResolver      : Exposing 1 endpoint beneath base path '/actuator'
2026-07-21T11:13:10.804+02:00  INFO 18252 --- [PlaneswalkerBazarBackend] [restartedMain] o.s.boot.tomcat.TomcatWebServer          : Tomcat started on port 9090 (http) with context path '/'
2026-07-21T11:13:10.811+02:00  INFO 18252 --- [PlaneswalkerBazarBackend] [restartedMain] .m.b.PlaneswalkerBazarBackendApplication : Started PlaneswalkerBazarBackendApplication in 6.476 seconds (process running for 7.032)
2026-07-21T11:13:10.871+02:00  WARN 18252 --- [PlaneswalkerBazarBackend] [restartedMain] o.s.core.events.SpringDocAppInitializer  : SpringDoc /v3/api-docs endpoint is enabled by default. To disable it in production, set the property 'springdoc.api-docs.enabled=false'
2026-07-21T11:13:10.872+02:00  WARN 18252 --- [PlaneswalkerBazarBackend] [restartedMain] o.s.core.events.SpringDocAppInitializer  : SpringDoc /swagger-ui.html endpoint is enabled by default. To disable it in production, set the property 'springdoc.swagger-ui.enabled=false'
2026-07-21T11:13:35.307+02:00  INFO 18252 --- [PlaneswalkerBazarBackend] [http-nio-9090-exec-2] o.a.c.c.C.[Tomcat].[localhost].[/]       : Initializing Spring DispatcherServlet 'dispatcherServlet'
2026-07-21T11:13:35.309+02:00  INFO 18252 --- [PlaneswalkerBazarBackend] [http-nio-9090-exec-2] o.s.web.servlet.DispatcherServlet        : Initializing Servlet 'dispatcherServlet'
2026-07-21T11:13:35.314+02:00  INFO 18252 --- [PlaneswalkerBazarBackend] [http-nio-9090-exec-2] o.s.web.servlet.DispatcherServlet        : Completed initialization in 2 ms
2026-07-21T11:13:35.489+02:00 DEBUG 18252 --- [PlaneswalkerBazarBackend] [http-nio-9090-exec-2] c.b.m.b.s.implementations.MessaggioImpl  : get auth.non.autenticato
2026-07-21T11:13:51.740+02:00 DEBUG 18252 --- [PlaneswalkerBazarBackend] [http-nio-9090-exec-1] c.b.m.b.c.users.EspansioneController     : GET /api/public/espansioni
2026-07-21T11:13:51.742+02:00 DEBUG 18252 --- [PlaneswalkerBazarBackend] [http-nio-9090-exec-1] c.b.m.b.s.i.products.EspansioneImpl      : listEspansioni
2026-07-21T11:14:08.979+02:00 DEBUG 18252 --- [PlaneswalkerBazarBackend] [http-nio-9090-exec-4] c.b.m.b.s.implementations.MessaggioImpl  : get auth.non.autenticato
2026-07-21T11:14:56.755+02:00  INFO 18252 --- [PlaneswalkerBazarBackend] [SpringApplicationShutdownHook] o.s.boot.tomcat.GracefulShutdown         : Commencing graceful shutdown. Waiting for active requests to complete
2026-07-21T11:14:56.760+02:00  INFO 18252 --- [PlaneswalkerBazarBackend] [tomcat-shutdown] o.s.boot.tomcat.GracefulShutdown         : Graceful shutdown complete
2026-07-21T11:14:56.778+02:00  INFO 18252 --- [PlaneswalkerBazarBackend] [SpringApplicationShutdownHook] j.LocalContainerEntityManagerFactoryBean : Closing JPA EntityManagerFactory for persistence unit 'default'
2026-07-21T11:14:56.785+02:00  INFO 18252 --- [PlaneswalkerBazarBackend] [SpringApplicationShutdownHook] com.zaxxer.hikari.HikariDataSource       : HikariPool-1 - Shutdown initiated...
2026-07-21T11:14:56.789+02:00  INFO 18252 --- [PlaneswalkerBazarBackend] [SpringApplicationShutdownHook] com.zaxxer.hikari.HikariDataSource       : HikariPool-1 - Shutdown completed.
